{
  "RSpec": {
    "coverage": {
      "/home/henrique/Área de Trabalho/Projeto final/job_application/app/models/candidate.rb": {
        "lines": [
          1,
          null,
          null,
          1,
          null,
          null,
          1,
          null
        ]
      },
      "/home/henrique/Área de Trabalho/Projeto final/job_application/app/models/application_record.rb": {
        "lines": [
          1,
          1,
          null
        ]
      },
      "/home/henrique/Área de Trabalho/Projeto final/job_application/app/models/headhunter.rb": {
        "lines": [
          1,
          null,
          null,
          1,
          null,
          null
        ]
      },
      "/home/henrique/Área de Trabalho/Projeto final/job_application/app/helpers/application_helper.rb": {
        "lines": [
          1,
          null
        ]
      },
      "/home/henrique/Área de Trabalho/Projeto final/job_application/app/models/job_opportunity.rb": {
        "lines": [
          1,
          1,
          null,
          null,
          1,
          null,
          null
        ]
      },
      "/home/henrique/Área de Trabalho/Projeto final/job_application/app/models/profile.rb": {
        "lines": [
          1,
          1,
          null
        ]
      },
      "/home/henrique/Área de Trabalho/Projeto final/job_application/app/controllers/application_controller.rb": {
        "lines": [
          1,
          null
        ]
      },
      "/home/henrique/Área de Trabalho/Projeto final/job_application/app/controllers/home_controller.rb": {
        "lines": [
          1,
          1,
          17,
          null,
          null,
          null,
          null,
          null,
          null,
          null,
          null,
          null,
          null
        ]
      },
      "/home/henrique/Área de Trabalho/Projeto final/job_application/app/controllers/profiles_controller.rb": {
        "lines": [
          1,
          1,
          4,
          4,
          null,
          null,
          null,
          1,
          1,
          1,
          null,
          null,
          null,
          1,
          1,
          1,
          1,
          null,
          1,
          null,
          null,
          null,
          1,
          null,
          1,
          1,
          null,
          null,
          null
        ]
      },
      "/home/henrique/Área de Trabalho/Projeto final/job_application/app/controllers/job_opportunities_controller.rb": {
        "lines": [
          1,
          1,
          null,
          1,
          3,
          null,
          null,
          1,
          2,
          null,
          null,
          1,
          2,
          2,
          2,
          1,
          null,
          1,
          null,
          null,
          null,
          null,
          1,
          null,
          1,
          2,
          null,
          null,
          null,
          null
        ]
      },
      "/home/henrique/Área de Trabalho/Projeto final/job_application/app/mailers/application_mailer.rb": {
        "lines": [
          0,
          0,
          0,
          0
        ],
        "branches": {
        }
      },
      "/home/henrique/Área de Trabalho/Projeto final/job_application/app/channels/application_cable/channel.rb": {
        "lines": [
          0,
          0,
          0,
          0
        ],
        "branches": {
        }
      },
      "/home/henrique/Área de Trabalho/Projeto final/job_application/app/channels/application_cable/connection.rb": {
        "lines": [
          0,
          0,
          0,
          0
        ],
        "branches": {
        }
      },
      "/home/henrique/Área de Trabalho/Projeto final/job_application/app/jobs/application_job.rb": {
        "lines": [
          0,
          null,
          null,
          null,
          null,
          null,
          0
        ],
        "branches": {
        }
      }
    },
    "timestamp": 1590033475
  }
}
